<?xml version="1.0" encoding="UTF-8"?>
<coverage generated="1640670651011" clover="3.2.0">
  <project timestamp="1640670651011" name="All files">
    <metrics statements="3" coveredstatements="3" conditionals="4" coveredconditionals="2" methods="2" coveredmethods="2" elements="9" coveredelements="7" complexity="0" loc="3" ncloc="3" packages="1" files="1" classes="1"/>
    <file name="index.js" path="/Users/sunbin/Desktop/sun/JestTest/index.js">
      <metrics statements="3" coveredstatements="3" conditionals="4" coveredconditionals="2" methods="2" coveredmethods="2"/>
      <line num="2" count="1" type="cond" truecount="1" falsecount="1"/>
      <line num="5" count="1" type="cond" truecount="1" falsecount="1"/>
      <line num="8" count="1" type="stmt"/>
    </file>
  </project>
</coverage>
