{"/Users/sunbin/Desktop/sun/JestTest/index.js": {"path":"/Users/sunbin/Desktop/sun/JestTest/index.js","statementMap":{"0":{"start":{"line":2,"column":2},"end":{"line":2,"column":34}},"1":{"start":{"line":5,"column":2},"end":{"line":5,"column":36}},"2":{"start":{"line":8,"column":0},"end":{"line":10,"column":1}}},"fnMap":{"0":{"name":"a","decl":{"start":{"line":1,"column":9},"end":{"line":1,"column":10}},"loc":{"start":{"line":1,"column":16},"end":{"line":3,"column":1}},"line":1},"1":{"name":"b","decl":{"start":{"line":4,"column":9},"end":{"line":4,"column":10}},"loc":{"start":{"line":4,"column":18},"end":{"line":6,"column":1}},"line":4}},"branchMap":{"0":{"loc":{"start":{"line":2,"column":9},"end":{"line":2,"column":34}},"type":"cond-expr","locations":[{"start":{"line":2,"column":21},"end":{"line":2,"column":25}},{"start":{"line":2,"column":28},"end":{"line":2,"column":34}}],"line":2},"1":{"loc":{"start":{"line":5,"column":9},"end":{"line":5,"column":36}},"type":"cond-expr","locations":[{"start":{"line":5,"column":25},"end":{"line":5,"column":29}},{"start":{"line":5,"column":32},"end":{"line":5,"column":36}}],"line":5}},"s":{"0":1,"1":1,"2":1},"f":{"0":1,"1":1},"b":{"0":[1,0],"1":[1,0]},"_coverageSchema":"43e27e138ebf9cfc5966b082cf9a028302ed4184","hash":"18c732a10eb21cd7c8677ceafb6ea1f854be4207"}
}
